<?xml version="1.0" encoding="UTF-8"?>
<robot generator="Robot 6.1.1 (Python 3.11.4 on win32)" generated="20240201 23:58:50.878" rpa="false" schemaversion="4">
<suite id="s1" name="addUser" source="c:\Users\pkpho\Documents\Robot API Test\suites\addUser.robot">
<test id="s1-t1" name="[Documentation]" line="11">
<kw name="Create Session" library="RequestsLibrary">
<arg>api_session</arg>
<arg>${API_URL}</arg>
<doc>Create Session: create a HTTP session to a server</doc>
<msg timestamp="20240201 23:58:51.016" level="INFO">Creating Session using : alias=api_session, url=https://reqres.in/api/users, headers={},                     cookies={}, auth=None, timeout=None, proxies=None, verify=False,                     debug=0 </msg>
<status status="PASS" starttime="20240201 23:58:51.016" endtime="20240201 23:58:51.020"/>
</kw>
<kw name="Create Dictionary" library="BuiltIn">
<var>${headers}</var>
<arg>Content-Type=application/json</arg>
<doc>Creates and returns a dictionary based on the given ``items``.</doc>
<msg timestamp="20240201 23:58:51.027" level="INFO">${headers} = {'Content-Type': 'application/json'}</msg>
<status status="PASS" starttime="20240201 23:58:51.026" endtime="20240201 23:58:51.028"/>
</kw>
<kw name="Create Dictionary" library="BuiltIn">
<var>${valid_payload}</var>
<arg>name=${name}</arg>
<arg>job=${job}</arg>
<doc>Creates and returns a dictionary based on the given ``items``.</doc>
<msg timestamp="20240201 23:58:51.032" level="INFO">${valid_payload} = {'name': 'aziz muslim', 'job': 'software quality assurance'}</msg>
<status status="PASS" starttime="20240201 23:58:51.031" endtime="20240201 23:58:51.032"/>
</kw>
<kw name="Post Request" library="RequestsLibrary">
<var>${response}</var>
<arg>api_session</arg>
<arg>/users</arg>
<arg>data=${valid_payload}</arg>
<arg>headers=${headers}</arg>
<doc>*DEPRECATED* Please use `POST On Session` instead.</doc>
<msg timestamp="20240201 23:58:51.037" level="WARN">Keyword 'RequestsLibrary.Post Request' is deprecated. Please use `POST On Session` instead.</msg>
<msg timestamp="20240201 23:58:51.570" level="INFO">POST Request : url=https://reqres.in/api/users/users 
 path_url=/api/users/users 
 headers={'User-Agent': 'python-requests/2.31.0', 'Accept-Encoding': 'gzip, deflate', 'Accept': '*/*', 'Connection': 'keep-alive', 'Content-Type': 'application/json', 'Content-Length': '60'} 
 body={"name": "aziz muslim", "job": "software quality assurance"} 
 </msg>
<msg timestamp="20240201 23:58:51.570" level="INFO">POST Response : url=https://reqres.in/api/users/users 
 status=201, reason=Created 
 headers={'Date': 'Thu, 01 Feb 2024 16:58:51 GMT', 'Content-Type': 'application/json; charset=utf-8', 'Content-Length': '107', 'Connection': 'keep-alive', 'Report-To': '{"group":"heroku-nel","max_age":3600,"endpoints":[{"url":"https://nel.heroku.com/reports?ts=1706806730&amp;sid=c4c9725f-1ab0-44d8-820f-430df2718e11&amp;s=E3RAi2Duc%2FXLt5HRyepDPyUQOEWZnurBeVPP0jBK4YE%3D"}]}', 'Reporting-Endpoints': 'heroku-nel=https://nel.heroku.com/reports?ts=1706806730&amp;sid=c4c9725f-1ab0-44d8-820f-430df2718e11&amp;s=E3RAi2Duc%2FXLt5HRyepDPyUQOEWZnurBeVPP0jBK4YE%3D', 'Nel': '{"report_to":"heroku-nel","max_age":3600,"success_fraction":0.005,"failure_fraction":0.05,"response_headers":["Via"]}', 'X-Powered-By': 'Express', 'Access-Control-Allow-Origin': '*', 'Etag': 'W/"6b-lhYkWZmqLFli+G5dUXK6zP+DeVc"', 'Via': '1.1 vegur', 'CF-Cache-Status': 'DYNAMIC', 'Server': 'cloudflare', 'CF-RAY': '84ebbdd2b9c53f8f-SIN'} 
 body={"name":"aziz muslim","job":"software quality assurance","id":"471","createdAt":"2024-02-01T16:58:50.936Z"} 
 </msg>
<msg timestamp="20240201 23:58:51.570" level="INFO">C:\Users\pkpho\AppData\Local\Programs\Python\Python311\Lib\site-packages\urllib3\connectionpool.py:1095: InsecureRequestWarning: Unverified HTTPS request is being made to host 'reqres.in'. Adding certificate verification is strongly advised. See: https://urllib3.readthedocs.io/en/latest/advanced-usage.html#tls-warnings
  warnings.warn(</msg>
<msg timestamp="20240201 23:58:51.570" level="INFO">${response} = &lt;Response [201]&gt;</msg>
<status status="PASS" starttime="20240201 23:58:51.036" endtime="20240201 23:58:51.570"/>
</kw>
<kw name="Should Be Equal As Numbers" library="BuiltIn">
<arg>${response.status_code}</arg>
<arg>201</arg>
<doc>Fails if objects are unequal after converting them to real numbers.</doc>
<msg timestamp="20240201 23:58:51.570" level="INFO">Argument types are:
&lt;class 'int'&gt;
&lt;class 'str'&gt;</msg>
<status status="PASS" starttime="20240201 23:58:51.570" endtime="20240201 23:58:51.570"/>
</kw>
<status status="PASS" starttime="20240201 23:58:51.015" endtime="20240201 23:58:51.570"/>
</test>
<status status="PASS" starttime="20240201 23:58:50.883" endtime="20240201 23:58:51.570"/>
</suite>
<statistics>
<total>
<stat pass="1" fail="0" skip="0">All Tests</stat>
</total>
<tag>
</tag>
<suite>
<stat pass="1" fail="0" skip="0" id="s1" name="addUser">addUser</stat>
</suite>
</statistics>
<errors>
<msg timestamp="20240201 23:58:51.037" level="WARN">Keyword 'RequestsLibrary.Post Request' is deprecated. Please use `POST On Session` instead.</msg>
</errors>
</robot>
